Arguments: 
  /home/jakob/.fnm/node-versions/v12.20.1/installation/bin/node /usr/local/lib/node_modules/yarn/bin/yarn.js add revealjs

PATH: 
  /tmp/fnm_multishell_25290_1620648361057/bin:/home/jakob/.fnm:/home/jakob/.krew/bin:/tmp/fnm_multishell_2211_1620623627263/bin:/home/jakob/.fnm:/home/jakob/.krew/bin:/home/jakob/bin:/usr/local/sbin:/usr/local/bin:/usr/sbin:/usr/bin:/sbin:/bin:/usr/games:/usr/local/games:/snap/bin:/home/jakob/.dotnet/tools:/home/jakob/zsh-config/bin:/home/jakob/zsh-config/bin

Yarn version: 
  1.22.10

Node version: 
  12.20.1

Platform: 
  linux x64

Trace: 
  Error: https://registry.yarnpkg.com/revealjs: Not found
      at Request.params.callback [as _callback] (/usr/local/lib/node_modules/yarn/lib/cli.js:66988:18)
      at Request.self.callback (/usr/local/lib/node_modules/yarn/lib/cli.js:140662:22)
      at Request.emit (events.js:314:20)
      at Request.<anonymous> (/usr/local/lib/node_modules/yarn/lib/cli.js:141634:10)
      at Request.emit (events.js:314:20)
      at IncomingMessage.<anonymous> (/usr/local/lib/node_modules/yarn/lib/cli.js:141556:12)
      at Object.onceWrapper (events.js:420:28)
      at IncomingMessage.emit (events.js:326:22)
      at endReadableNT (_stream_readable.js:1241:12)
      at processTicksAndRejections (internal/process/task_queues.js:84:21)

npm manifest: 
  {
    "name": "k3s-stack",
    "version": "1.0.0",
    "description": "Presentation of a k3s cluster using a stack of Raspberry Pis",
    "main": "index.js",
    "repository": "https://jagoe.github.io/k3s-stack",
    "author": "Jakob Göbel",
    "license": "MIT"
  }

yarn manifest: 
  No manifest

Lockfile: 
  No lockfile
